c:\users\adam zheng\team-vestigo\visualization tool\visualizationtooldev\x64\debug\vc143.pdb
c:\users\adam zheng\team-vestigo\visualization tool\visualizationtooldev\x64\debug\vc143.idb
c:\users\adam zheng\team-vestigo\visualization tool\visualizationtooldev\x64\debug\main.obj
c:\users\adam zheng\team-vestigo\visualization tool\visualizationtooldev\x64\debug\visualizationtooldev.pdb
c:\users\adam zheng\team-vestigo\visualization tool\visualizationtooldev\x64\debug\visualiz.262d9815.tlog\cl.command.1.tlog
c:\users\adam zheng\team-vestigo\visualization tool\visualizationtooldev\x64\debug\visualiz.262d9815.tlog\cl.items.tlog
c:\users\adam zheng\team-vestigo\visualization tool\visualizationtooldev\x64\debug\visualiz.262d9815.tlog\cl.read.1.tlog
c:\users\adam zheng\team-vestigo\visualization tool\visualizationtooldev\x64\debug\visualiz.262d9815.tlog\cl.write.1.tlog
c:\users\adam zheng\team-vestigo\visualization tool\visualizationtooldev\x64\debug\visualiz.262d9815.tlog\link-cvtres.read.1.tlog
c:\users\adam zheng\team-vestigo\visualization tool\visualizationtooldev\x64\debug\visualiz.262d9815.tlog\link-cvtres.write.1.tlog
c:\users\adam zheng\team-vestigo\visualization tool\visualizationtooldev\x64\debug\visualiz.262d9815.tlog\link-rc.read.1.tlog
c:\users\adam zheng\team-vestigo\visualization tool\visualizationtooldev\x64\debug\visualiz.262d9815.tlog\link-rc.write.1.tlog
c:\users\adam zheng\team-vestigo\visualization tool\visualizationtooldev\x64\debug\visualiz.262d9815.tlog\link.20744-cvtres.read.1.tlog
c:\users\adam zheng\team-vestigo\visualization tool\visualizationtooldev\x64\debug\visualiz.262d9815.tlog\link.20744-cvtres.write.1.tlog
c:\users\adam zheng\team-vestigo\visualization tool\visualizationtooldev\x64\debug\visualiz.262d9815.tlog\link.20744-rc.read.1.tlog
c:\users\adam zheng\team-vestigo\visualization tool\visualizationtooldev\x64\debug\visualiz.262d9815.tlog\link.20744-rc.write.1.tlog
c:\users\adam zheng\team-vestigo\visualization tool\visualizationtooldev\x64\debug\visualiz.262d9815.tlog\link.20744.read.1.tlog
c:\users\adam zheng\team-vestigo\visualization tool\visualizationtooldev\x64\debug\visualiz.262d9815.tlog\link.20744.read.2.tlog
c:\users\adam zheng\team-vestigo\visualization tool\visualizationtooldev\x64\debug\visualiz.262d9815.tlog\link.20744.write.1.tlog
c:\users\adam zheng\team-vestigo\visualization tool\visualizationtooldev\x64\debug\visualiz.262d9815.tlog\link.command.1.tlog
c:\users\adam zheng\team-vestigo\visualization tool\visualizationtooldev\x64\debug\visualiz.262d9815.tlog\link.read.1.tlog
c:\users\adam zheng\team-vestigo\visualization tool\visualizationtooldev\x64\debug\visualiz.262d9815.tlog\link.read.2.tlog
c:\users\adam zheng\team-vestigo\visualization tool\visualizationtooldev\x64\debug\visualiz.262d9815.tlog\link.write.1.tlog
